2021-12-31 18:36:03.421 INFO  (main) [   ] o.e.j.u.log Logging initialized @477ms to org.eclipse.jetty.util.log.Slf4jLog
2021-12-31 18:36:03.528 INFO  (main) [   ] o.e.j.s.Server jetty-9.4.44.v20210927; built: 2021-09-27T23:02:44.612Z; git: 8da83308eeca865e495e53ef315a249d63ba9332; jvm 11.0.13+8
2021-12-31 18:36:03.538 INFO  (main) [   ] o.e.j.d.p.ScanningAppProvider Deployment monitor [file:///opt/solr-8.10.1/server/contexts/] at interval 0
2021-12-31 18:36:03.676 INFO  (main) [   ] o.e.j.w.StandardDescriptorProcessor NO JSP Support for /solr, did not find org.apache.jasper.servlet.JspServlet
2021-12-31 18:36:03.682 INFO  (main) [   ] o.e.j.s.session DefaultSessionIdManager workerName=node0
2021-12-31 18:36:03.682 INFO  (main) [   ] o.e.j.s.session No SessionScavenger set, using defaults
2021-12-31 18:36:03.683 INFO  (main) [   ] o.e.j.s.session node0 Scavenging every 660000ms
2021-12-31 18:36:03.715 INFO  (main) [   ] o.a.s.s.SolrDispatchFilter Using logger factory org.apache.logging.slf4j.Log4jLoggerFactory
2021-12-31 18:36:03.721 INFO  (main) [   ] o.a.s.s.SolrDispatchFilter  ___      _       Welcome to Apache Solr™ version 8.10.1
2021-12-31 18:36:03.721 INFO  (main) [   ] o.a.s.s.SolrDispatchFilter / __| ___| |_ _   Starting in standalone mode on port 8983
2021-12-31 18:36:03.721 INFO  (main) [   ] o.a.s.s.SolrDispatchFilter \__ \/ _ \ | '_|  Install dir: /opt/solr
2021-12-31 18:36:03.721 INFO  (main) [   ] o.a.s.s.SolrDispatchFilter |___/\___/_|_|    Start time: 2021-12-31T18:36:03.721772Z
2021-12-31 18:36:03.738 INFO  (main) [   ] o.a.s.c.SolrPaths Using system property solr.solr.home: /var/solr/data
2021-12-31 18:36:03.739 INFO  (main) [   ] o.a.s.c.SolrXmlConfig Loading container configuration from /var/solr/data/solr.xml
2021-12-31 18:36:03.787 INFO  (main) [   ] o.a.s.c.SolrXmlConfig MBean server found: com.sun.jmx.mbeanserver.JmxMBeanServer@74e28667, but no JMX reporters were configured - adding default JMX reporter.
2021-12-31 18:36:04.330 INFO  (main) [   ] o.a.s.h.c.HttpShardHandlerFactory Host whitelist initialized: WhitelistHostChecker [whitelistHosts=null, whitelistHostCheckingEnabled=true]
2021-12-31 18:36:04.419 WARN  (main) [   ] o.e.j.u.s.S.config Trusting all certificates configured for Client@a33b4e3[provider=null,keyStore=null,trustStore=null]
2021-12-31 18:36:04.419 WARN  (main) [   ] o.e.j.u.s.S.config No Client EndPointIdentificationAlgorithm configured for Client@a33b4e3[provider=null,keyStore=null,trustStore=null]
2021-12-31 18:36:04.502 WARN  (main) [   ] o.e.j.u.s.S.config Trusting all certificates configured for Client@2418ba04[provider=null,keyStore=null,trustStore=null]
2021-12-31 18:36:04.502 WARN  (main) [   ] o.e.j.u.s.S.config No Client EndPointIdentificationAlgorithm configured for Client@2418ba04[provider=null,keyStore=null,trustStore=null]
2021-12-31 18:36:04.529 WARN  (main) [   ] o.a.s.c.CoreContainer Not all security plugins configured!  authentication=disabled authorization=disabled.  Solr is only as secure as you make it. Consider configuring authentication/authorization before exposing Solr to users internal or external.  See https://s.apache.org/solrsecurity for more info
2021-12-31 18:36:04.600 INFO  (main) [   ] o.a.s.c.TransientSolrCoreCacheDefault Allocating transient core cache for max 2147483647 cores with initial capacity of 1024
2021-12-31 18:36:04.606 INFO  (main) [   ] o.a.s.h.a.MetricsHistoryHandler No .system collection, keeping metrics history in memory.
2021-12-31 18:36:04.652 INFO  (main) [   ] o.a.s.m.r.SolrJmxReporter JMX monitoring for 'solr.node' (registry 'solr.node') enabled at server: com.sun.jmx.mbeanserver.JmxMBeanServer@74e28667
2021-12-31 18:36:04.652 INFO  (main) [   ] o.a.s.m.r.SolrJmxReporter JMX monitoring for 'solr.jvm' (registry 'solr.jvm') enabled at server: com.sun.jmx.mbeanserver.JmxMBeanServer@74e28667
2021-12-31 18:36:04.654 INFO  (main) [   ] o.a.s.m.r.SolrJmxReporter JMX monitoring for 'solr.jetty' (registry 'solr.jetty') enabled at server: com.sun.jmx.mbeanserver.JmxMBeanServer@74e28667
2021-12-31 18:36:04.709 INFO  (main) [   ] o.a.s.c.CorePropertiesLocator Found 0 core definitions underneath /var/solr/data
2021-12-31 18:36:04.737 INFO  (main) [   ] o.e.j.s.h.ContextHandler Started o.e.j.w.WebAppContext@4c51bb7{/solr,file:///opt/solr-8.10.1/server/solr-webapp/webapp/,AVAILABLE}{/opt/solr-8.10.1/server/solr-webapp/webapp}
2021-12-31 18:36:04.748 INFO  (main) [   ] o.e.j.s.AbstractConnector Started ServerConnector@681a8b4e{HTTP/1.1, (http/1.1, h2c)}{0.0.0.0:8983}
2021-12-31 18:36:04.748 INFO  (main) [   ] o.e.j.s.Server Started @1805ms
2021-12-31 18:36:19.841 INFO  (qtp541698497-21) [   x:7346231cd0da55f8699ea8c816034a0a28aa0c86c3695a21cdba22125628ad07.opencola] o.a.s.s.HttpSolrCall [admin] webapp=null path=/admin/cores params={core=7346231cd0da55f8699ea8c816034a0a28aa0c86c3695a21cdba22125628ad07.opencola&action=STATUS&indexInfo=true&wt=javabin&version=2} status=0 QTime=22
2021-12-31 18:36:19.915 INFO  (qtp541698497-17) [   x:7346231cd0da55f8699ea8c816034a0a28aa0c86c3695a21cdba22125628ad07.opencola] o.a.s.s.HttpSolrCall [admin] webapp=null path=/admin/cores params={core=7346231cd0da55f8699ea8c816034a0a28aa0c86c3695a21cdba22125628ad07.opencola&action=STATUS&indexInfo=true&wt=javabin&version=2} status=0 QTime=0
2021-12-31 18:36:19.950 INFO  (qtp541698497-20) [   x:7346231cd0da55f8699ea8c816034a0a28aa0c86c3695a21cdba22125628ad07.opencola] o.a.s.h.a.CoreAdminOperation core create command name=7346231cd0da55f8699ea8c816034a0a28aa0c86c3695a21cdba22125628ad07.opencola&action=CREATE&configSet=opencola&wt=javabin&version=2
2021-12-31 18:36:20.007 INFO  (qtp541698497-20) [   x:7346231cd0da55f8699ea8c816034a0a28aa0c86c3695a21cdba22125628ad07.opencola] o.a.s.c.SolrConfig Using Lucene MatchVersion: 8.10.1
2021-12-31 18:36:20.031 WARN  (qtp541698497-20) [   x:7346231cd0da55f8699ea8c816034a0a28aa0c86c3695a21cdba22125628ad07.opencola] o.a.s.c.SolrConfig solrconfig.xml: <jmx> is no longer supported, use solr.xml:/metrics/reporter section instead
2021-12-31 18:36:20.064 INFO  (qtp541698497-20) [   x:7346231cd0da55f8699ea8c816034a0a28aa0c86c3695a21cdba22125628ad07.opencola] o.a.s.s.IndexSchema Schema name=default-config
2021-12-31 18:36:20.533 INFO  (qtp541698497-20) [   x:7346231cd0da55f8699ea8c816034a0a28aa0c86c3695a21cdba22125628ad07.opencola] o.a.s.s.IndexSchema Loaded schema default-config/1.6 with uniqueid field id
2021-12-31 18:36:20.609 INFO  (qtp541698497-20) [   x:7346231cd0da55f8699ea8c816034a0a28aa0c86c3695a21cdba22125628ad07.opencola] o.a.s.c.CoreContainer Creating SolrCore '7346231cd0da55f8699ea8c816034a0a28aa0c86c3695a21cdba22125628ad07.opencola' using configuration from configset /var/solr/data/configsets/opencola, trusted=true
2021-12-31 18:36:20.616 INFO  (qtp541698497-20) [   x:7346231cd0da55f8699ea8c816034a0a28aa0c86c3695a21cdba22125628ad07.opencola] o.a.s.m.r.SolrJmxReporter JMX monitoring for 'solr.core.7346231cd0da55f8699ea8c816034a0a28aa0c86c3695a21cdba22125628ad07.opencola' (registry 'solr.core.7346231cd0da55f8699ea8c816034a0a28aa0c86c3695a21cdba22125628ad07.opencola') enabled at server: com.sun.jmx.mbeanserver.JmxMBeanServer@74e28667
2021-12-31 18:36:20.626 INFO  (qtp541698497-20) [   x:7346231cd0da55f8699ea8c816034a0a28aa0c86c3695a21cdba22125628ad07.opencola] o.a.s.c.SolrCore [[7346231cd0da55f8699ea8c816034a0a28aa0c86c3695a21cdba22125628ad07.opencola] ] Opening new SolrCore at [/var/solr/data/7346231cd0da55f8699ea8c816034a0a28aa0c86c3695a21cdba22125628ad07.opencola], dataDir=[/var/solr/data/7346231cd0da55f8699ea8c816034a0a28aa0c86c3695a21cdba22125628ad07.opencola/data/]
2021-12-31 18:36:21.051 INFO  (qtp541698497-20) [   x:7346231cd0da55f8699ea8c816034a0a28aa0c86c3695a21cdba22125628ad07.opencola] o.a.s.u.UpdateHandler Using UpdateLog implementation: org.apache.solr.update.UpdateLog
2021-12-31 18:36:21.051 INFO  (qtp541698497-20) [   x:7346231cd0da55f8699ea8c816034a0a28aa0c86c3695a21cdba22125628ad07.opencola] o.a.s.u.UpdateLog Initializing UpdateLog: dataDir= defaultSyncLevel=FLUSH numRecordsToKeep=100 maxNumLogsToKeep=10 numVersionBuckets=65536
2021-12-31 18:36:21.065 INFO  (qtp541698497-20) [   x:7346231cd0da55f8699ea8c816034a0a28aa0c86c3695a21cdba22125628ad07.opencola] o.a.s.u.CommitTracker Hard AutoCommit: if uncommitted for 15000ms; 
2021-12-31 18:36:21.065 INFO  (qtp541698497-20) [   x:7346231cd0da55f8699ea8c816034a0a28aa0c86c3695a21cdba22125628ad07.opencola] o.a.s.u.CommitTracker Soft AutoCommit: disabled
2021-12-31 18:36:21.105 INFO  (qtp541698497-20) [   x:7346231cd0da55f8699ea8c816034a0a28aa0c86c3695a21cdba22125628ad07.opencola] o.a.s.r.ManagedResourceStorage File-based storage initialized to use dir: /var/solr/data/configsets/opencola/conf
2021-12-31 18:36:21.113 INFO  (qtp541698497-20) [   x:7346231cd0da55f8699ea8c816034a0a28aa0c86c3695a21cdba22125628ad07.opencola] o.a.s.h.c.SpellCheckComponent Initializing spell checkers
2021-12-31 18:36:21.117 INFO  (qtp541698497-20) [   x:7346231cd0da55f8699ea8c816034a0a28aa0c86c3695a21cdba22125628ad07.opencola] o.a.s.s.DirectSolrSpellChecker init: {name=default,field=_text_,classname=solr.DirectSolrSpellChecker,distanceMeasure=internal,accuracy=0.5,maxQueryFrequency=0.01,maxEdits=2,minPrefix=1,maxInspections=5,minQueryLength=4}
2021-12-31 18:36:21.124 INFO  (qtp541698497-20) [   x:7346231cd0da55f8699ea8c816034a0a28aa0c86c3695a21cdba22125628ad07.opencola] o.a.s.h.ReplicationHandler Commits will be reserved for 10000 ms
2021-12-31 18:36:21.128 INFO  (qtp541698497-20) [   x:7346231cd0da55f8699ea8c816034a0a28aa0c86c3695a21cdba22125628ad07.opencola] o.a.s.u.UpdateLog Could not find max version in index or recent updates, using new clock 1720687820672073728
2021-12-31 18:36:21.130 INFO  (searcherExecutor-15-thread-1-processing-x:7346231cd0da55f8699ea8c816034a0a28aa0c86c3695a21cdba22125628ad07.opencola) [   x:7346231cd0da55f8699ea8c816034a0a28aa0c86c3695a21cdba22125628ad07.opencola] o.a.s.c.QuerySenderListener QuerySenderListener done.
2021-12-31 18:36:21.130 INFO  (searcherExecutor-15-thread-1-processing-x:7346231cd0da55f8699ea8c816034a0a28aa0c86c3695a21cdba22125628ad07.opencola) [   x:7346231cd0da55f8699ea8c816034a0a28aa0c86c3695a21cdba22125628ad07.opencola] o.a.s.h.c.SpellCheckComponent Loading spell index for spellchecker: default
2021-12-31 18:36:21.134 INFO  (searcherExecutor-15-thread-1-processing-x:7346231cd0da55f8699ea8c816034a0a28aa0c86c3695a21cdba22125628ad07.opencola) [   x:7346231cd0da55f8699ea8c816034a0a28aa0c86c3695a21cdba22125628ad07.opencola] o.a.s.c.SolrCore [7346231cd0da55f8699ea8c816034a0a28aa0c86c3695a21cdba22125628ad07.opencola]  Registered new searcher autowarm time: 0 ms
2021-12-31 18:36:21.138 INFO  (qtp541698497-20) [   ] o.a.s.s.HttpSolrCall [admin] webapp=null path=/admin/cores params={name=7346231cd0da55f8699ea8c816034a0a28aa0c86c3695a21cdba22125628ad07.opencola&action=CREATE&configSet=opencola&wt=javabin&version=2} status=0 QTime=1188
2021-12-31 18:36:21.165 INFO  (qtp541698497-22) [   ] o.a.s.s.HttpSolrCall [admin] webapp=null path=/admin/cores params={core=7346231cd0da55f8699ea8c816034a0a28aa0c86c3695a21cdba22125628ad07.opencola&action=STATUS&indexInfo=true&wt=javabin&version=2} status=0 QTime=4
2021-12-31 18:36:21.178 INFO  (qtp541698497-20) [   x:7346231cd0da55f8699ea8c816034a0a28aa0c86c3695a21cdba22125628ad07.opencola] o.a.s.m.SolrMetricManager Closing metric reporters for registry=solr.core.7346231cd0da55f8699ea8c816034a0a28aa0c86c3695a21cdba22125628ad07.opencola tag=null
2021-12-31 18:36:21.178 INFO  (qtp541698497-20) [   x:7346231cd0da55f8699ea8c816034a0a28aa0c86c3695a21cdba22125628ad07.opencola] o.a.s.m.r.SolrJmxReporter Closing reporter [org.apache.solr.metrics.reporters.SolrJmxReporter@5dee095: rootName = null, domain = solr.core.7346231cd0da55f8699ea8c816034a0a28aa0c86c3695a21cdba22125628ad07.opencola, service url = null, agent id = null] for registry solr.core.7346231cd0da55f8699ea8c816034a0a28aa0c86c3695a21cdba22125628ad07.opencola/com.codahale.metrics.MetricRegistry@2da5d3dd
2021-12-31 18:36:21.186 INFO  (qtp541698497-20) [   ] o.a.s.c.SolrCore [7346231cd0da55f8699ea8c816034a0a28aa0c86c3695a21cdba22125628ad07.opencola]  CLOSING SolrCore org.apache.solr.core.SolrCore@10701c65
2021-12-31 18:36:21.186 INFO  (qtp541698497-20) [   ] o.a.s.m.SolrMetricManager Closing metric reporters for registry=solr.core.7346231cd0da55f8699ea8c816034a0a28aa0c86c3695a21cdba22125628ad07.opencola tag=SolrCore@10701c65
2021-12-31 18:36:21.187 INFO  (qtp541698497-20) [   ] o.a.s.u.DirectUpdateHandler2 Committing on IndexWriter.close()  ... SKIPPED (unnecessary).
2021-12-31 18:36:21.193 INFO  (qtp541698497-20) [   ] o.a.s.s.HttpSolrCall [admin] webapp=null path=/admin/cores params={deleteInstanceDir=false&core=7346231cd0da55f8699ea8c816034a0a28aa0c86c3695a21cdba22125628ad07.opencola&deleteDataDir=false&action=UNLOAD&indexInfo=true&wt=javabin&version=2&deleteIndex=false} status=0 QTime=17
2021-12-31 18:38:01.651 INFO  (qtp541698497-16) [   x:7346231cd0da55f8699ea8c816034a0a28aa0c86c3695a21cdba22125628ad07.opencola] o.a.s.s.HttpSolrCall [admin] webapp=null path=/admin/cores params={core=7346231cd0da55f8699ea8c816034a0a28aa0c86c3695a21cdba22125628ad07.opencola&action=STATUS&indexInfo=true&wt=javabin&version=2} status=0 QTime=1
2021-12-31 18:38:01.700 INFO  (qtp541698497-22) [   x:7346231cd0da55f8699ea8c816034a0a28aa0c86c3695a21cdba22125628ad07.opencola] o.a.s.s.HttpSolrCall [admin] webapp=null path=/admin/cores params={core=7346231cd0da55f8699ea8c816034a0a28aa0c86c3695a21cdba22125628ad07.opencola&action=STATUS&indexInfo=true&wt=javabin&version=2} status=0 QTime=0
2021-12-31 18:38:01.718 INFO  (qtp541698497-23) [   x:7346231cd0da55f8699ea8c816034a0a28aa0c86c3695a21cdba22125628ad07.opencola] o.a.s.h.a.CoreAdminOperation core create command name=7346231cd0da55f8699ea8c816034a0a28aa0c86c3695a21cdba22125628ad07.opencola&action=CREATE&configSet=opencola&wt=javabin&version=2
2021-12-31 18:38:01.758 INFO  (qtp541698497-23) [   x:7346231cd0da55f8699ea8c816034a0a28aa0c86c3695a21cdba22125628ad07.opencola] o.a.s.c.SolrConfig Using Lucene MatchVersion: 8.10.1
2021-12-31 18:38:01.759 WARN  (qtp541698497-23) [   x:7346231cd0da55f8699ea8c816034a0a28aa0c86c3695a21cdba22125628ad07.opencola] o.a.s.c.SolrConfig solrconfig.xml: <jmx> is no longer supported, use solr.xml:/metrics/reporter section instead
2021-12-31 18:38:01.778 INFO  (qtp541698497-23) [   x:7346231cd0da55f8699ea8c816034a0a28aa0c86c3695a21cdba22125628ad07.opencola] o.a.s.s.IndexSchema Schema name=default-config
2021-12-31 18:38:01.898 INFO  (qtp541698497-23) [   x:7346231cd0da55f8699ea8c816034a0a28aa0c86c3695a21cdba22125628ad07.opencola] o.a.s.s.IndexSchema Loaded schema default-config/1.6 with uniqueid field id
2021-12-31 18:38:02.005 INFO  (qtp541698497-23) [   x:7346231cd0da55f8699ea8c816034a0a28aa0c86c3695a21cdba22125628ad07.opencola] o.a.s.c.CoreContainer Creating SolrCore '7346231cd0da55f8699ea8c816034a0a28aa0c86c3695a21cdba22125628ad07.opencola' using configuration from configset /var/solr/data/configsets/opencola, trusted=true
2021-12-31 18:38:02.006 INFO  (qtp541698497-23) [   x:7346231cd0da55f8699ea8c816034a0a28aa0c86c3695a21cdba22125628ad07.opencola] o.a.s.m.r.SolrJmxReporter JMX monitoring for 'solr.core.7346231cd0da55f8699ea8c816034a0a28aa0c86c3695a21cdba22125628ad07.opencola' (registry 'solr.core.7346231cd0da55f8699ea8c816034a0a28aa0c86c3695a21cdba22125628ad07.opencola') enabled at server: com.sun.jmx.mbeanserver.JmxMBeanServer@74e28667
2021-12-31 18:38:02.006 INFO  (qtp541698497-23) [   x:7346231cd0da55f8699ea8c816034a0a28aa0c86c3695a21cdba22125628ad07.opencola] o.a.s.c.SolrCore [[7346231cd0da55f8699ea8c816034a0a28aa0c86c3695a21cdba22125628ad07.opencola] ] Opening new SolrCore at [/var/solr/data/7346231cd0da55f8699ea8c816034a0a28aa0c86c3695a21cdba22125628ad07.opencola], dataDir=[/var/solr/data/7346231cd0da55f8699ea8c816034a0a28aa0c86c3695a21cdba22125628ad07.opencola/data/]
2021-12-31 18:38:02.058 INFO  (qtp541698497-23) [   x:7346231cd0da55f8699ea8c816034a0a28aa0c86c3695a21cdba22125628ad07.opencola] o.a.s.u.UpdateHandler Using UpdateLog implementation: org.apache.solr.update.UpdateLog
2021-12-31 18:38:02.058 INFO  (qtp541698497-23) [   x:7346231cd0da55f8699ea8c816034a0a28aa0c86c3695a21cdba22125628ad07.opencola] o.a.s.u.UpdateLog Initializing UpdateLog: dataDir= defaultSyncLevel=FLUSH numRecordsToKeep=100 maxNumLogsToKeep=10 numVersionBuckets=65536
2021-12-31 18:38:02.060 INFO  (qtp541698497-23) [   x:7346231cd0da55f8699ea8c816034a0a28aa0c86c3695a21cdba22125628ad07.opencola] o.a.s.u.CommitTracker Hard AutoCommit: if uncommitted for 15000ms; 
2021-12-31 18:38:02.061 INFO  (qtp541698497-23) [   x:7346231cd0da55f8699ea8c816034a0a28aa0c86c3695a21cdba22125628ad07.opencola] o.a.s.u.CommitTracker Soft AutoCommit: disabled
2021-12-31 18:38:02.075 INFO  (qtp541698497-23) [   x:7346231cd0da55f8699ea8c816034a0a28aa0c86c3695a21cdba22125628ad07.opencola] o.a.s.r.ManagedResourceStorage File-based storage initialized to use dir: /var/solr/data/configsets/opencola/conf
2021-12-31 18:38:02.078 INFO  (qtp541698497-23) [   x:7346231cd0da55f8699ea8c816034a0a28aa0c86c3695a21cdba22125628ad07.opencola] o.a.s.h.c.SpellCheckComponent Initializing spell checkers
2021-12-31 18:38:02.078 INFO  (qtp541698497-23) [   x:7346231cd0da55f8699ea8c816034a0a28aa0c86c3695a21cdba22125628ad07.opencola] o.a.s.s.DirectSolrSpellChecker init: {name=default,field=_text_,classname=solr.DirectSolrSpellChecker,distanceMeasure=internal,accuracy=0.5,maxQueryFrequency=0.01,maxEdits=2,minPrefix=1,maxInspections=5,minQueryLength=4}
2021-12-31 18:38:02.079 INFO  (qtp541698497-23) [   x:7346231cd0da55f8699ea8c816034a0a28aa0c86c3695a21cdba22125628ad07.opencola] o.a.s.h.ReplicationHandler Commits will be reserved for 10000 ms
2021-12-31 18:38:02.080 INFO  (qtp541698497-23) [   x:7346231cd0da55f8699ea8c816034a0a28aa0c86c3695a21cdba22125628ad07.opencola] o.a.s.u.UpdateLog Could not find max version in index or recent updates, using new clock 1720687926527918080
2021-12-31 18:38:02.081 INFO  (searcherExecutor-21-thread-1-processing-x:7346231cd0da55f8699ea8c816034a0a28aa0c86c3695a21cdba22125628ad07.opencola) [   x:7346231cd0da55f8699ea8c816034a0a28aa0c86c3695a21cdba22125628ad07.opencola] o.a.s.c.QuerySenderListener QuerySenderListener done.
2021-12-31 18:38:02.081 INFO  (searcherExecutor-21-thread-1-processing-x:7346231cd0da55f8699ea8c816034a0a28aa0c86c3695a21cdba22125628ad07.opencola) [   x:7346231cd0da55f8699ea8c816034a0a28aa0c86c3695a21cdba22125628ad07.opencola] o.a.s.h.c.SpellCheckComponent Loading spell index for spellchecker: default
2021-12-31 18:38:02.083 INFO  (searcherExecutor-21-thread-1-processing-x:7346231cd0da55f8699ea8c816034a0a28aa0c86c3695a21cdba22125628ad07.opencola) [   x:7346231cd0da55f8699ea8c816034a0a28aa0c86c3695a21cdba22125628ad07.opencola] o.a.s.c.SolrCore [7346231cd0da55f8699ea8c816034a0a28aa0c86c3695a21cdba22125628ad07.opencola]  Registered new searcher autowarm time: 0 ms
2021-12-31 18:38:02.086 INFO  (qtp541698497-23) [   ] o.a.s.s.HttpSolrCall [admin] webapp=null path=/admin/cores params={name=7346231cd0da55f8699ea8c816034a0a28aa0c86c3695a21cdba22125628ad07.opencola&action=CREATE&configSet=opencola&wt=javabin&version=2} status=0 QTime=367
2021-12-31 18:38:02.106 INFO  (qtp541698497-22) [   ] o.a.s.s.HttpSolrCall [admin] webapp=null path=/admin/cores params={core=7346231cd0da55f8699ea8c816034a0a28aa0c86c3695a21cdba22125628ad07.opencola&action=STATUS&indexInfo=true&wt=javabin&version=2} status=0 QTime=1
2021-12-31 18:38:02.120 INFO  (qtp541698497-23) [   x:7346231cd0da55f8699ea8c816034a0a28aa0c86c3695a21cdba22125628ad07.opencola] o.a.s.m.SolrMetricManager Closing metric reporters for registry=solr.core.7346231cd0da55f8699ea8c816034a0a28aa0c86c3695a21cdba22125628ad07.opencola tag=null
2021-12-31 18:38:02.121 INFO  (qtp541698497-23) [   x:7346231cd0da55f8699ea8c816034a0a28aa0c86c3695a21cdba22125628ad07.opencola] o.a.s.m.r.SolrJmxReporter Closing reporter [org.apache.solr.metrics.reporters.SolrJmxReporter@2d911fc4: rootName = null, domain = solr.core.7346231cd0da55f8699ea8c816034a0a28aa0c86c3695a21cdba22125628ad07.opencola, service url = null, agent id = null] for registry solr.core.7346231cd0da55f8699ea8c816034a0a28aa0c86c3695a21cdba22125628ad07.opencola/com.codahale.metrics.MetricRegistry@32eddf1d
2021-12-31 18:38:02.125 INFO  (qtp541698497-23) [   ] o.a.s.c.SolrCore [7346231cd0da55f8699ea8c816034a0a28aa0c86c3695a21cdba22125628ad07.opencola]  CLOSING SolrCore org.apache.solr.core.SolrCore@532b2a76
2021-12-31 18:38:02.125 INFO  (qtp541698497-23) [   ] o.a.s.m.SolrMetricManager Closing metric reporters for registry=solr.core.7346231cd0da55f8699ea8c816034a0a28aa0c86c3695a21cdba22125628ad07.opencola tag=SolrCore@532b2a76
2021-12-31 18:38:02.126 INFO  (qtp541698497-23) [   ] o.a.s.u.DirectUpdateHandler2 Committing on IndexWriter.close()  ... SKIPPED (unnecessary).
2021-12-31 18:38:02.132 INFO  (qtp541698497-23) [   ] o.a.s.s.HttpSolrCall [admin] webapp=null path=/admin/cores params={deleteInstanceDir=false&core=7346231cd0da55f8699ea8c816034a0a28aa0c86c3695a21cdba22125628ad07.opencola&deleteDataDir=false&action=UNLOAD&indexInfo=true&wt=javabin&version=2&deleteIndex=false} status=0 QTime=13
2021-12-31 18:38:03.826 INFO  (qtp541698497-22) [   x:7346231cd0da55f8699ea8c816034a0a28aa0c86c3695a21cdba22125628ad07.opencola] o.a.s.s.HttpSolrCall [admin] webapp=null path=/admin/cores params={core=7346231cd0da55f8699ea8c816034a0a28aa0c86c3695a21cdba22125628ad07.opencola&action=STATUS&indexInfo=true&wt=javabin&version=2} status=0 QTime=0
2021-12-31 18:38:03.847 INFO  (qtp541698497-23) [   x:7346231cd0da55f8699ea8c816034a0a28aa0c86c3695a21cdba22125628ad07.opencola] o.a.s.s.HttpSolrCall [admin] webapp=null path=/admin/cores params={core=7346231cd0da55f8699ea8c816034a0a28aa0c86c3695a21cdba22125628ad07.opencola&action=STATUS&indexInfo=true&wt=javabin&version=2} status=0 QTime=0
2021-12-31 18:38:03.884 INFO  (qtp541698497-22) [   x:7346231cd0da55f8699ea8c816034a0a28aa0c86c3695a21cdba22125628ad07.opencola] o.a.s.h.a.CoreAdminOperation core create command name=7346231cd0da55f8699ea8c816034a0a28aa0c86c3695a21cdba22125628ad07.opencola&action=CREATE&configSet=opencola&wt=javabin&version=2
2021-12-31 18:38:03.916 INFO  (qtp541698497-22) [   x:7346231cd0da55f8699ea8c816034a0a28aa0c86c3695a21cdba22125628ad07.opencola] o.a.s.c.SolrConfig Using Lucene MatchVersion: 8.10.1
2021-12-31 18:38:03.917 WARN  (qtp541698497-22) [   x:7346231cd0da55f8699ea8c816034a0a28aa0c86c3695a21cdba22125628ad07.opencola] o.a.s.c.SolrConfig solrconfig.xml: <jmx> is no longer supported, use solr.xml:/metrics/reporter section instead
2021-12-31 18:38:03.930 INFO  (qtp541698497-22) [   x:7346231cd0da55f8699ea8c816034a0a28aa0c86c3695a21cdba22125628ad07.opencola] o.a.s.s.IndexSchema Schema name=default-config
2021-12-31 18:38:04.086 INFO  (qtp541698497-22) [   x:7346231cd0da55f8699ea8c816034a0a28aa0c86c3695a21cdba22125628ad07.opencola] o.a.s.s.IndexSchema Loaded schema default-config/1.6 with uniqueid field id
2021-12-31 18:38:04.211 INFO  (qtp541698497-22) [   x:7346231cd0da55f8699ea8c816034a0a28aa0c86c3695a21cdba22125628ad07.opencola] o.a.s.c.CoreContainer Creating SolrCore '7346231cd0da55f8699ea8c816034a0a28aa0c86c3695a21cdba22125628ad07.opencola' using configuration from configset /var/solr/data/configsets/opencola, trusted=true
2021-12-31 18:38:04.212 INFO  (qtp541698497-22) [   x:7346231cd0da55f8699ea8c816034a0a28aa0c86c3695a21cdba22125628ad07.opencola] o.a.s.m.r.SolrJmxReporter JMX monitoring for 'solr.core.7346231cd0da55f8699ea8c816034a0a28aa0c86c3695a21cdba22125628ad07.opencola' (registry 'solr.core.7346231cd0da55f8699ea8c816034a0a28aa0c86c3695a21cdba22125628ad07.opencola') enabled at server: com.sun.jmx.mbeanserver.JmxMBeanServer@74e28667
2021-12-31 18:38:04.213 INFO  (qtp541698497-22) [   x:7346231cd0da55f8699ea8c816034a0a28aa0c86c3695a21cdba22125628ad07.opencola] o.a.s.c.SolrCore [[7346231cd0da55f8699ea8c816034a0a28aa0c86c3695a21cdba22125628ad07.opencola] ] Opening new SolrCore at [/var/solr/data/7346231cd0da55f8699ea8c816034a0a28aa0c86c3695a21cdba22125628ad07.opencola], dataDir=[/var/solr/data/7346231cd0da55f8699ea8c816034a0a28aa0c86c3695a21cdba22125628ad07.opencola/data/]
2021-12-31 18:38:04.305 INFO  (qtp541698497-22) [   x:7346231cd0da55f8699ea8c816034a0a28aa0c86c3695a21cdba22125628ad07.opencola] o.a.s.u.UpdateHandler Using UpdateLog implementation: org.apache.solr.update.UpdateLog
2021-12-31 18:38:04.305 INFO  (qtp541698497-22) [   x:7346231cd0da55f8699ea8c816034a0a28aa0c86c3695a21cdba22125628ad07.opencola] o.a.s.u.UpdateLog Initializing UpdateLog: dataDir= defaultSyncLevel=FLUSH numRecordsToKeep=100 maxNumLogsToKeep=10 numVersionBuckets=65536
2021-12-31 18:38:04.314 INFO  (qtp541698497-22) [   x:7346231cd0da55f8699ea8c816034a0a28aa0c86c3695a21cdba22125628ad07.opencola] o.a.s.u.CommitTracker Hard AutoCommit: if uncommitted for 15000ms; 
2021-12-31 18:38:04.314 INFO  (qtp541698497-22) [   x:7346231cd0da55f8699ea8c816034a0a28aa0c86c3695a21cdba22125628ad07.opencola] o.a.s.u.CommitTracker Soft AutoCommit: disabled
2021-12-31 18:38:04.326 INFO  (qtp541698497-22) [   x:7346231cd0da55f8699ea8c816034a0a28aa0c86c3695a21cdba22125628ad07.opencola] o.a.s.r.ManagedResourceStorage File-based storage initialized to use dir: /var/solr/data/configsets/opencola/conf
2021-12-31 18:38:04.327 INFO  (qtp541698497-22) [   x:7346231cd0da55f8699ea8c816034a0a28aa0c86c3695a21cdba22125628ad07.opencola] o.a.s.h.c.SpellCheckComponent Initializing spell checkers
2021-12-31 18:38:04.327 INFO  (qtp541698497-22) [   x:7346231cd0da55f8699ea8c816034a0a28aa0c86c3695a21cdba22125628ad07.opencola] o.a.s.s.DirectSolrSpellChecker init: {name=default,field=_text_,classname=solr.DirectSolrSpellChecker,distanceMeasure=internal,accuracy=0.5,maxQueryFrequency=0.01,maxEdits=2,minPrefix=1,maxInspections=5,minQueryLength=4}
2021-12-31 18:38:04.328 INFO  (qtp541698497-22) [   x:7346231cd0da55f8699ea8c816034a0a28aa0c86c3695a21cdba22125628ad07.opencola] o.a.s.h.ReplicationHandler Commits will be reserved for 10000 ms
2021-12-31 18:38:04.329 INFO  (qtp541698497-22) [   x:7346231cd0da55f8699ea8c816034a0a28aa0c86c3695a21cdba22125628ad07.opencola] o.a.s.u.UpdateLog Could not find max version in index or recent updates, using new clock 1720687928886165504
2021-12-31 18:38:04.329 INFO  (searcherExecutor-27-thread-1-processing-x:7346231cd0da55f8699ea8c816034a0a28aa0c86c3695a21cdba22125628ad07.opencola) [   x:7346231cd0da55f8699ea8c816034a0a28aa0c86c3695a21cdba22125628ad07.opencola] o.a.s.c.QuerySenderListener QuerySenderListener done.
2021-12-31 18:38:04.329 INFO  (searcherExecutor-27-thread-1-processing-x:7346231cd0da55f8699ea8c816034a0a28aa0c86c3695a21cdba22125628ad07.opencola) [   x:7346231cd0da55f8699ea8c816034a0a28aa0c86c3695a21cdba22125628ad07.opencola] o.a.s.h.c.SpellCheckComponent Loading spell index for spellchecker: default
2021-12-31 18:38:04.331 INFO  (searcherExecutor-27-thread-1-processing-x:7346231cd0da55f8699ea8c816034a0a28aa0c86c3695a21cdba22125628ad07.opencola) [   x:7346231cd0da55f8699ea8c816034a0a28aa0c86c3695a21cdba22125628ad07.opencola] o.a.s.c.SolrCore [7346231cd0da55f8699ea8c816034a0a28aa0c86c3695a21cdba22125628ad07.opencola]  Registered new searcher autowarm time: 0 ms
2021-12-31 18:38:04.334 INFO  (qtp541698497-22) [   ] o.a.s.s.HttpSolrCall [admin] webapp=null path=/admin/cores params={name=7346231cd0da55f8699ea8c816034a0a28aa0c86c3695a21cdba22125628ad07.opencola&action=CREATE&configSet=opencola&wt=javabin&version=2} status=0 QTime=450
2021-12-31 18:38:04.358 INFO  (qtp541698497-23) [   ] o.a.s.s.HttpSolrCall [admin] webapp=null path=/admin/cores params={core=7346231cd0da55f8699ea8c816034a0a28aa0c86c3695a21cdba22125628ad07.opencola&action=STATUS&indexInfo=true&wt=javabin&version=2} status=0 QTime=3
2021-12-31 18:38:04.483 INFO  (qtp541698497-22) [   x:7346231cd0da55f8699ea8c816034a0a28aa0c86c3695a21cdba22125628ad07.opencola] o.a.s.u.p.LogUpdateProcessorFactory [7346231cd0da55f8699ea8c816034a0a28aa0c86c3695a21cdba22125628ad07.opencola]  webapp=/solr path=/update params={wt=javabin&version=2}{add=[16d16c9e603831120fd32fee6d66b32e4d4ab1f134a0617f12d9312cd6d4c84a (1720687928989974528)]} 0 74
2021-12-31 18:38:04.675 INFO  (searcherExecutor-27-thread-1-processing-x:7346231cd0da55f8699ea8c816034a0a28aa0c86c3695a21cdba22125628ad07.opencola) [   x:7346231cd0da55f8699ea8c816034a0a28aa0c86c3695a21cdba22125628ad07.opencola] o.a.s.c.QuerySenderListener QuerySenderListener done.
2021-12-31 18:38:04.680 INFO  (searcherExecutor-27-thread-1-processing-x:7346231cd0da55f8699ea8c816034a0a28aa0c86c3695a21cdba22125628ad07.opencola) [   x:7346231cd0da55f8699ea8c816034a0a28aa0c86c3695a21cdba22125628ad07.opencola] o.a.s.c.SolrCore [7346231cd0da55f8699ea8c816034a0a28aa0c86c3695a21cdba22125628ad07.opencola]  Registered new searcher autowarm time: 4 ms
2021-12-31 18:38:04.681 INFO  (qtp541698497-23) [   x:7346231cd0da55f8699ea8c816034a0a28aa0c86c3695a21cdba22125628ad07.opencola] o.a.s.u.p.LogUpdateProcessorFactory [7346231cd0da55f8699ea8c816034a0a28aa0c86c3695a21cdba22125628ad07.opencola]  webapp=/solr path=/update params={waitSearcher=true&commit=true&softCommit=false&wt=javabin&version=2}{commit=} 0 187
2021-12-31 18:38:04.728 INFO  (qtp541698497-22) [   x:7346231cd0da55f8699ea8c816034a0a28aa0c86c3695a21cdba22125628ad07.opencola] o.a.s.c.S.Request [7346231cd0da55f8699ea8c816034a0a28aa0c86c3695a21cdba22125628ad07.opencola]  webapp=/solr path=/select params={q=name:"keyword"+description:"keyword"&fl=id,+name,+description&wt=javabin&version=2} hits=1 status=0 QTime=36
